2025-05-11 13:50:52,615 - INFO - 
                            OLS Regression Results                            
==============================================================================
Dep. Variable:       Portfolio_excess   R-squared:                       0.616
Model:                            OLS   Adj. R-squared:                  0.498
Method:                 Least Squares   F-statistic:                     5.215
Date:                Sun, 11 May 2025   Prob (F-statistic):            0.00993
Time:                        13:50:52   Log-Likelihood:                -37.788
No. Observations:                  18   AIC:                             85.58
Df Residuals:                      13   BIC:                             90.03
Df Model:                           4                                         
Covariance Type:            nonrobust                                         
==============================================================================
                 coef    std err          t      P>|t|      [0.025      0.975]
------------------------------------------------------------------------------
const         -0.1465      0.651     -0.225      0.826      -1.554       1.261
Mkt_rf         0.6079      0.183      3.330      0.005       0.213       1.002
SMB            0.1144      0.283      0.405      0.692      -0.496       0.725
HML           -0.1383      0.264     -0.524      0.609      -0.708       0.431
Mom           -0.0098      0.296     -0.033      0.974      -0.649       0.629
==============================================================================
Omnibus:                       19.694   Durbin-Watson:                   1.588
Prob(Omnibus):                  0.000   Jarque-Bera (JB):               24.551
Skew:                           1.746   Prob(JB):                     4.66e-06
Kurtosis:                       7.532   Cond. No.                         6.07
==============================================================================

Notes:
[1] Standard Errors assume that the covariance matrix of the errors is correctly specified.
2025-05-11 14:29:39,373 - INFO - 
                            OLS Regression Results                            
==============================================================================
Dep. Variable:       Portfolio_excess   R-squared:                       0.688
Model:                            OLS   Adj. R-squared:                  0.618
Method:                 Least Squares   F-statistic:                     9.914
Date:                Sun, 11 May 2025   Prob (F-statistic):           0.000203
Time:                        14:29:39   Log-Likelihood:                -58.606
No. Observations:                  23   AIC:                             127.2
Df Residuals:                      18   BIC:                             132.9
Df Model:                           4                                         
Covariance Type:            nonrobust                                         
==============================================================================
                 coef    std err          t      P>|t|      [0.025      0.975]
------------------------------------------------------------------------------
const          0.3339      0.826      0.404      0.691      -1.401       2.069
Mkt_rf         1.0232      0.223      4.587      0.000       0.555       1.492
SMB           -0.0762      0.321     -0.237      0.815      -0.752       0.599
HML           -0.7025      0.242     -2.905      0.009      -1.211      -0.194
Mom           -0.7552      0.321     -2.351      0.030      -1.430      -0.080
==============================================================================
Omnibus:                        4.082   Durbin-Watson:                   1.414
Prob(Omnibus):                  0.130   Jarque-Bera (JB):                1.559
Skew:                          -0.175   Prob(JB):                        0.459
Kurtosis:                       1.774   Cond. No.                         5.39
==============================================================================

Notes:
[1] Standard Errors assume that the covariance matrix of the errors is correctly specified.
2025-05-11 14:54:33,878 - INFO - 
                            OLS Regression Results                            
==============================================================================
Dep. Variable:       Portfolio_excess   R-squared:                       0.667
Model:                            OLS   Adj. R-squared:                  0.593
Method:                 Least Squares   F-statistic:                     9.012
Date:                Sun, 11 May 2025   Prob (F-statistic):           0.000353
Time:                        14:54:33   Log-Likelihood:                -59.018
No. Observations:                  23   AIC:                             128.0
Df Residuals:                      18   BIC:                             133.7
Df Model:                           4                                         
Covariance Type:            nonrobust                                         
==============================================================================
                 coef    std err          t      P>|t|      [0.025      0.975]
------------------------------------------------------------------------------
const         -0.0111      0.841     -0.013      0.990      -1.777       1.755
Mkt_rf         1.0794      0.227      4.754      0.000       0.602       1.556
SMB           -0.3472      0.327     -1.061      0.303      -1.035       0.340
HML           -0.5863      0.246     -2.381      0.028      -1.104      -0.069
Mom           -0.7982      0.327     -2.441      0.025      -1.485      -0.111
==============================================================================
Omnibus:                        1.611   Durbin-Watson:                   1.453
Prob(Omnibus):                  0.447   Jarque-Bera (JB):                1.002
Skew:                          -0.130   Prob(JB):                        0.606
Kurtosis:                       2.011   Cond. No.                         5.39
==============================================================================

Notes:
[1] Standard Errors assume that the covariance matrix of the errors is correctly specified.
2025-05-11 14:58:23,979 - INFO - 
                            OLS Regression Results                            
==============================================================================
Dep. Variable:       Portfolio_excess   R-squared:                       0.447
Model:                            OLS   Adj. R-squared:                  0.324
Method:                 Least Squares   F-statistic:                     3.642
Date:                Sun, 11 May 2025   Prob (F-statistic):             0.0242
Time:                        14:58:23   Log-Likelihood:                -58.409
No. Observations:                  23   AIC:                             126.8
Df Residuals:                      18   BIC:                             132.5
Df Model:                           4                                         
Covariance Type:            nonrobust                                         
==============================================================================
                 coef    std err          t      P>|t|      [0.025      0.975]
------------------------------------------------------------------------------
const         -0.3896      0.819     -0.476      0.640      -2.110       1.331
Mkt_rf         0.7644      0.221      3.457      0.003       0.300       1.229
SMB           -0.2418      0.319     -0.759      0.458      -0.911       0.428
HML           -0.1354      0.240     -0.565      0.579      -0.639       0.368
Mom           -0.3833      0.318     -1.204      0.244      -1.052       0.286
==============================================================================
Omnibus:                        0.784   Durbin-Watson:                   1.228
Prob(Omnibus):                  0.676   Jarque-Bera (JB):                0.813
Skew:                           0.344   Prob(JB):                        0.666
Kurtosis:                       2.387   Cond. No.                         5.39
==============================================================================

Notes:
[1] Standard Errors assume that the covariance matrix of the errors is correctly specified.
2025-05-20 21:03:21,919 - INFO - 
                            OLS Regression Results                            
==============================================================================
Dep. Variable:       Portfolio_excess   R-squared:                       0.447
Model:                            OLS   Adj. R-squared:                  0.325
Method:                 Least Squares   F-statistic:                     3.642
Date:                Tue, 20 May 2025   Prob (F-statistic):             0.0242
Time:                        21:03:21   Log-Likelihood:                -58.409
No. Observations:                  23   AIC:                             126.8
Df Residuals:                      18   BIC:                             132.5
Df Model:                           4                                         
Covariance Type:            nonrobust                                         
==============================================================================
                 coef    std err          t      P>|t|      [0.025      0.975]
------------------------------------------------------------------------------
const         -0.3896      0.819     -0.476      0.640      -2.110       1.331
Mkt_rf         0.7644      0.221      3.457      0.003       0.300       1.229
SMB           -0.2418      0.319     -0.759      0.458      -0.911       0.428
HML           -0.1354      0.240     -0.565      0.579      -0.639       0.368
Mom           -0.3833      0.318     -1.204      0.244      -1.052       0.286
==============================================================================
Omnibus:                        0.784   Durbin-Watson:                   1.228
Prob(Omnibus):                  0.676   Jarque-Bera (JB):                0.813
Skew:                           0.344   Prob(JB):                        0.666
Kurtosis:                       2.387   Cond. No.                         5.39
==============================================================================

Notes:
[1] Standard Errors assume that the covariance matrix of the errors is correctly specified.
2025-05-21 18:51:25,030 - INFO - 
                            OLS Regression Results                            
==============================================================================
Dep. Variable:       Portfolio_excess   R-squared:                       0.688
Model:                            OLS   Adj. R-squared:                  0.618
Method:                 Least Squares   F-statistic:                     9.914
Date:                Wed, 21 May 2025   Prob (F-statistic):           0.000203
Time:                        18:51:25   Log-Likelihood:                -58.606
No. Observations:                  23   AIC:                             127.2
Df Residuals:                      18   BIC:                             132.9
Df Model:                           4                                         
Covariance Type:            nonrobust                                         
==============================================================================
                 coef    std err          t      P>|t|      [0.025      0.975]
------------------------------------------------------------------------------
const          0.3339      0.826      0.404      0.691      -1.401       2.069
Mkt_rf         1.0232      0.223      4.587      0.000       0.555       1.492
SMB           -0.0762      0.321     -0.237      0.815      -0.752       0.599
HML           -0.7025      0.242     -2.905      0.009      -1.211      -0.194
Mom           -0.7552      0.321     -2.351      0.030      -1.430      -0.080
==============================================================================
Omnibus:                        4.082   Durbin-Watson:                   1.414
Prob(Omnibus):                  0.130   Jarque-Bera (JB):                1.559
Skew:                          -0.175   Prob(JB):                        0.459
Kurtosis:                       1.774   Cond. No.                         5.39
==============================================================================

Notes:
[1] Standard Errors assume that the covariance matrix of the errors is correctly specified.
